#
# A fatal error has been detected by the Java Runtime Environment:
#
#  EXCEPTION_ACCESS_VIOLATION (0xc0000005) at pc=0x00007ffa1ef04c58, pid=9220, tid=10632
#
# JRE version: Java(TM) SE Runtime Environment (11.0.4+10) (build 11.0.4+10-LTS)
# Java VM: Java HotSpot(TM) 64-Bit Server VM (11.0.4+10-LTS, mixed mode, tiered, compressed oops, g1 gc, windows-amd64)
# Problematic frame:
# V  [jvm.dll+0x1c4c58]
#
# No core dump will be written. Minidumps are not enabled by default on client versions of Windows
#
# If you would like to submit a bug report, please visit:
#   http://bugreport.java.com/bugreport/crash.jsp
#

---------------  S U M M A R Y ------------

Command Line: -Dcom.sun.management.jmxremote -Dcom.sun.management.jmxremote.port=55394 -Dcom.sun.management.jmxremote.authenticate=false -Dcom.sun.management.jmxremote.ssl=false -Djava.rmi.server.hostname=localhost -Dspring.jmx.enabled=true -Dspring.liveBeansView.mbeanDomain -Dspring.application.admin.enabled=true -Xverify:none -XX:TieredStopAtLevel=1 -Dspring.boot.project.name=os-api -Dfile.encoding=UTF-8 com.os.api.OsApiApplication --spring.output.ansi.enabled=always

Host: AMD Athlon(tm) II X2 270 Processor, 2 cores, 7G,  Windows 10 , 64 bit Build 18362 (10.0.18362.1)
Time: Sat May 30 21:04:23 2020 Hora oficial do Brasil elapsed time: 1861 seconds (0d 0h 31m 1s)

---------------  T H R E A D  ---------------

Current thread (0x000001e156106000):  JavaThread "C1 CompilerThread0" daemon [_thread_in_vm, id=10632, stack(0x000000a9f0200000,0x000000a9f0300000)]


Current CompileTask:
C1:1861293 6934   !   1       org.apache.tomcat.util.buf.StringCache::toString (615 bytes)

Stack: [0x000000a9f0200000,0x000000a9f0300000],  sp=0x000000a9f02fe1b0,  free space=1016k
Native frames: (J=compiled Java code, j=interpreted, Vv=VM code, C=native code)
V  [jvm.dll+0x1c4c58]
V  [jvm.dll+0x1c54d6]
V  [jvm.dll+0x1b18e6]
V  [jvm.dll+0x1b1482]
V  [jvm.dll+0x1c94ea]
V  [jvm.dll+0x136f0a]
V  [jvm.dll+0x13a247]
V  [jvm.dll+0x13123b]
V  [jvm.dll+0x143867]
V  [jvm.dll+0x1436a4]
V  [jvm.dll+0x12c146]
V  [jvm.dll+0x12c4c2]
V  [jvm.dll+0x12c7ef]
V  [jvm.dll+0x12b967]
V  [jvm.dll+0x12da07]
V  [jvm.dll+0x2265bf]
V  [jvm.dll+0x224bc8]
V  [jvm.dll+0x7389ed]
V  [jvm.dll+0x634c82]
C  [ucrtbase.dll+0x1d912]
C  [KERNEL32.DLL+0x17944]
C  [ntdll.dll+0x6ce71]


siginfo: EXCEPTION_ACCESS_VIOLATION (0xc0000005), reading address 0xffffffffffffffff


Register to memory mapping:

RIP=0x00007ffa1ef04c58 jvm.dll
RAX=0x20007ffa1f5f9298 is an unknown value
RBX=0x000001e156704430 is pointing into metadata
RCX=0x000001e156704430 is pointing into metadata
RDX=0x000001e156704430 is pointing into metadata
RSP=0x000000a9f02fe1b0 is pointing into the stack for thread: 0x000001e156106000
RBP=0x000001e156704430 is pointing into metadata
RSI=0x000001e156106000 is a thread
RDI=0x000001e15afc6080 points into unknown readable memory: 58 ef 2f f0 a9 00 00 00
R8 =0x0000000000000003 is an unknown value
R9 =0x000001e15b1f0370 points into unknown readable memory: 70 14 11 56 e1 01 00 00
R10=0x000001e1561013e0 points into unknown readable memory: 02 00 00 00 1e 00 00 00
R11=0x000001e156704430 is pointing into metadata
R12=0x000001e155fadef8 points into unknown readable memory: 06 00 ff ff d5 62 72 65
R13=0x000001e15b1ed4a0 points into unknown readable memory: b0 a9 59 1f fa 7f 00 00
R14=0x000001e155fb00f0 points into unknown readable memory: 26 00 ff ff c3 86 28 4c
R15=0x00000000000000ae is an unknown value


Registers:
RAX=0x20007ffa1f5f9298, RBX=0x000001e156704430, RCX=0x000001e156704430, RDX=0x000001e156704430
RSP=0x000000a9f02fe1b0, RBP=0x000001e156704430, RSI=0x000001e156106000, RDI=0x000001e15afc6080
R8 =0x0000000000000003, R9 =0x000001e15b1f0370, R10=0x000001e1561013e0, R11=0x000001e156704430
R12=0x000001e155fadef8, R13=0x000001e15b1ed4a0, R14=0x000001e155fb00f0, R15=0x00000000000000ae
RIP=0x00007ffa1ef04c58, EFLAGS=0x0000000000010202

Top of Stack: (sp=0x000000a9f02fe1b0)
0x000000a9f02fe1b0:   00000000000000b6 000001e155fb00f0
0x000000a9f02fe1c0:   000001e15b1ed4a0 000001e155fadef8
0x000000a9f02fe1d0:   000000a9f02fe2e0 000000a9f02fe3a0
0x000000a9f02fe1e0:   0000000000000000 00007ffa1ef054d6
0x000000a9f02fe1f0:   00000000000000a5 000001e15afc6080
0x000000a9f02fe200:   000000a9f02fe3a0 000000a9f02fe2c1
0x000000a9f02fe210:   00000000000000b6 000000a9f02fef50
0x000000a9f02fe220:   000001e156704430 00007ffa1eef18e6
0x000000a9f02fe230:   000001e155fb00f0 0000000000000000
0x000000a9f02fe240:   000000a9f02fe2c1 000001e156106000
0x000000a9f02fe250:   000001e15aef5a20 000000a9f02fe6e0
0x000000a9f02fe260:   000001e15b05680a 000001e156704430
0x000000a9f02fe270:   000001e156106000 000001e155fb00f0
0x000000a9f02fe280:   000001e100000000 000001e155fadef8
0x000000a9f02fe290:   000001e155fb00f0 00000001000960b8
0x000000a9f02fe2a0:   00000001004b6ef0 0000000000000000 

Instructions: (pc=0x00007ffa1ef04c58)
0x00007ffa1ef04c38:   f9 65 48 8b 04 25 58 00 00 00 48 8b ca be 08 00
0x00007ffa1ef04c48:   00 00 48 8b da 4a 8b 04 c0 48 8b 34 06 48 8b 02
0x00007ffa1ef04c58:   ff 50 08 84 c0 0f 84 bd 00 00 00 8b 43 08 85 c0
0x00007ffa1ef04c68:   7e 44 48 8b 17 b9 88 00 00 00 e8 19 4d ef ff 48 


Stack slot to memory mapping:
stack at sp + 0 slots: 0x00000000000000b6 is an unknown value
stack at sp + 1 slots: 0x000001e155fb00f0 points into unknown readable memory: 26 00 ff ff c3 86 28 4c
stack at sp + 2 slots: 0x000001e15b1ed4a0 points into unknown readable memory: b0 a9 59 1f fa 7f 00 00
stack at sp + 3 slots: 0x000001e155fadef8 points into unknown readable memory: 06 00 ff ff d5 62 72 65
stack at sp + 4 slots: 0x000000a9f02fe2e0 is pointing into the stack for thread: 0x000001e156106000
stack at sp + 5 slots: 0x000000a9f02fe3a0 is pointing into the stack for thread: 0x000001e156106000
stack at sp + 6 slots: 0x0 is NULL
stack at sp + 7 slots: 0x00007ffa1ef054d6 jvm.dll


---------------  P R O C E S S  ---------------

Threads class SMR info:
_java_thread_list=0x000001e15af9e650, length=35, elements={
0x000001e1560ec800, 0x000001e1560f7800, 0x000001e156a82800, 0x000001e156105000,
0x000001e156106000, 0x000001e156128800, 0x000001e156087000, 0x000001e156c0d800,
0x000001e15712f000, 0x000001e157132000, 0x000001e1571be000, 0x000001e1574de000,
0x000001e15750e000, 0x000001e157583800, 0x000001e158c83800, 0x000001e158c84000,
0x000001e158c89000, 0x000001e158c87800, 0x000001e158c85800, 0x000001e158c86800,
0x000001e158c85000, 0x000001e158c88000, 0x000001e158c8a000, 0x000001e15afba800,
0x000001e15afb9800, 0x000001e15afbb000, 0x000001e15afb7000, 0x000001e15afb6800,
0x000001e15afbc000, 0x000001e15afbd000, 0x000001e15afbd800, 0x000001e15afb8000,
0x000001e15afbe800, 0x000001e15afb8800, 0x000001e15afc1800
}

Java Threads: ( => current thread )
  0x000001e1560ec800 JavaThread "Reference Handler" daemon [_thread_blocked, id=10948, stack(0x000000a9efe00000,0x000000a9eff00000)]
  0x000001e1560f7800 JavaThread "Finalizer" daemon [_thread_blocked, id=10088, stack(0x000000a9eff00000,0x000000a9f0000000)]
  0x000001e156a82800 JavaThread "Signal Dispatcher" daemon [_thread_blocked, id=9960, stack(0x000000a9f0000000,0x000000a9f0100000)]
  0x000001e156105000 JavaThread "Attach Listener" daemon [_thread_blocked, id=1268, stack(0x000000a9f0100000,0x000000a9f0200000)]
=>0x000001e156106000 JavaThread "C1 CompilerThread0" daemon [_thread_in_vm, id=10632, stack(0x000000a9f0200000,0x000000a9f0300000)]
  0x000001e156128800 JavaThread "Sweeper thread" daemon [_thread_blocked, id=10532, stack(0x000000a9f0300000,0x000000a9f0400000)]
  0x000001e156087000 JavaThread "Common-Cleaner" daemon [_thread_blocked, id=6036, stack(0x000000a9f0400000,0x000000a9f0500000)]
  0x000001e156c0d800 JavaThread "Service Thread" daemon [_thread_blocked, id=8812, stack(0x000000a9f0500000,0x000000a9f0600000)]
  0x000001e15712f000 JavaThread "RMI TCP Accept-0" daemon [_thread_in_native, id=1340, stack(0x000000a9f0800000,0x000000a9f0900000)]
  0x000001e157132000 JavaThread "RMI TCP Accept-55394" daemon [_thread_in_native, id=6424, stack(0x000000a9f0900000,0x000000a9f0a00000)]
  0x000001e1571be000 JavaThread "RMI TCP Accept-0" daemon [_thread_in_native, id=7396, stack(0x000000a9f0a00000,0x000000a9f0b00000)]
  0x000001e1574de000 JavaThread "RMI Scheduler(0)" daemon [_thread_blocked, id=9080, stack(0x000000a9f0d00000,0x000000a9f0e00000)]
  0x000001e15750e000 JavaThread "RMI TCP Connection(idle)" daemon [_thread_blocked, id=10480, stack(0x000000a9f0e00000,0x000000a9f0f00000)]
  0x000001e157583800 JavaThread "JMX server connection timeout 18" daemon [_thread_blocked, id=10792, stack(0x000000a9f0f00000,0x000000a9f1000000)]
  0x000001e158c83800 JavaThread "Catalina-utility-1" [_thread_blocked, id=10900, stack(0x000000a9f1200000,0x000000a9f1300000)]
  0x000001e158c84000 JavaThread "Catalina-utility-2" [_thread_blocked, id=3724, stack(0x000000a9f1300000,0x000000a9f1400000)]
  0x000001e158c89000 JavaThread "container-0" [_thread_blocked, id=7912, stack(0x000000a9f1400000,0x000000a9f1500000)]
  0x000001e158c87800 JavaThread "mysql-cj-abandoned-connection-cleanup" daemon [_thread_blocked, id=10588, stack(0x000000a9f1500000,0x000000a9f1600000)]
  0x000001e158c85800 JavaThread "HikariPool-1 housekeeper" daemon [_thread_blocked, id=7824, stack(0x000000a9f1700000,0x000000a9f1800000)]
  0x000001e158c86800 JavaThread "File Watcher" daemon [_thread_blocked, id=10572, stack(0x000000a9f1800000,0x000000a9f1900000)]
  0x000001e158c85000 JavaThread "Live Reload Server" daemon [_thread_in_native, id=832, stack(0x000000a9f1a00000,0x000000a9f1b00000)]
  0x000001e158c88000 JavaThread "http-nio-8080-BlockPoller" daemon [_thread_in_native, id=3240, stack(0x000000a9f1900000,0x000000a9f1a00000)]
  0x000001e158c8a000 JavaThread "http-nio-8080-exec-1" daemon [_thread_blocked, id=4712, stack(0x000000a9f1b00000,0x000000a9f1c00000)]
  0x000001e15afba800 JavaThread "http-nio-8080-exec-2" daemon [_thread_blocked, id=7656, stack(0x000000a9f1c00000,0x000000a9f1d00000)]
  0x000001e15afb9800 JavaThread "http-nio-8080-exec-3" daemon [_thread_blocked, id=11112, stack(0x000000a9f1d00000,0x000000a9f1e00000)]
  0x000001e15afbb000 JavaThread "http-nio-8080-exec-4" daemon [_thread_blocked, id=2568, stack(0x000000a9f1e00000,0x000000a9f1f00000)]
  0x000001e15afb7000 JavaThread "http-nio-8080-exec-5" daemon [_thread_blocked, id=7508, stack(0x000000a9f1f00000,0x000000a9f2000000)]
  0x000001e15afb6800 JavaThread "http-nio-8080-exec-6" daemon [_thread_blocked, id=5108, stack(0x000000a9f2000000,0x000000a9f2100000)]
  0x000001e15afbc000 JavaThread "http-nio-8080-exec-7" daemon [_thread_blocked, id=4532, stack(0x000000a9f2100000,0x000000a9f2200000)]
  0x000001e15afbd000 JavaThread "http-nio-8080-exec-8" daemon [_thread_blocked, id=11216, stack(0x000000a9f2200000,0x000000a9f2300000)]
  0x000001e15afbd800 JavaThread "http-nio-8080-exec-9" daemon [_thread_blocked, id=8236, stack(0x000000a9f2300000,0x000000a9f2400000)]
  0x000001e15afb8000 JavaThread "http-nio-8080-exec-10" daemon [_thread_blocked, id=10236, stack(0x000000a9f2400000,0x000000a9f2500000)]
  0x000001e15afbe800 JavaThread "http-nio-8080-ClientPoller" daemon [_thread_in_native, id=10320, stack(0x000000a9f2500000,0x000000a9f2600000)]
  0x000001e15afb8800 JavaThread "http-nio-8080-Acceptor" daemon [_thread_in_native, id=10364, stack(0x000000a9f2600000,0x000000a9f2700000)]
  0x000001e15afc1800 JavaThread "DestroyJavaVM" [_thread_blocked, id=9584, stack(0x000000a9ef700000,0x000000a9ef800000)]

Other Threads:
  0x000001e1560c7000 VMThread "VM Thread" [stack: 0x000000a9efd00000,0x000000a9efe00000] [id=7736]
  0x000001e1571bf800 WatcherThread [stack: 0x000000a9f0b00000,0x000000a9f0c00000] [id=10852]
  0x000001e13866b000 GCTaskThread "GC Thread#0" [stack: 0x000000a9ef800000,0x000000a9ef900000] [id=5080]
  0x000001e1570d1000 GCTaskThread "GC Thread#1" [stack: 0x000000a9f0600000,0x000000a9f0700000] [id=4268]
  0x000001e138698800 ConcurrentGCThread "G1 Main Marker" [stack: 0x000000a9ef900000,0x000000a9efa00000] [id=9740]
  0x000001e13869b800 ConcurrentGCThread "G1 Conc#0" [stack: 0x000000a9efa00000,0x000000a9efb00000] [id=1620]
  0x000001e13870b800 ConcurrentGCThread "G1 Refine#0" [stack: 0x000000a9efb00000,0x000000a9efc00000] [id=7472]
  0x000001e13870d000 ConcurrentGCThread "G1 Young RemSet Sampling" [stack: 0x000000a9efc00000,0x000000a9efd00000] [id=5608]

Threads with active compile tasks:
C1 CompilerThread06934   !   1       org.apache.tomcat.util.buf.StringCache::toString (615 bytes)

VM state:synchronizing (normal execution)

VM Mutex/Monitor currently owned by a thread:  ([mutex/lock_event])
[0x000001e138652e30] Threads_lock - owner thread: 0x000001e1560c7000

Heap address: 0x0000000088000000, size: 1920 MB, Compressed Oops mode: 32-bit
Narrow klass base: 0x0000000000000000, Narrow klass shift: 3
Compressed class space size: 1073741824 Address: 0x0000000100000000

Heap:
 garbage-first heap   total 177152K, used 29363K [0x0000000088000000, 0x0000000100000000)
  region size 1024K, 11 young (11264K), 8 survivors (8192K)
 Metaspace       used 62634K, capacity 64572K, committed 64640K, reserved 1105920K
  class space    used 8305K, capacity 9056K, committed 9088K, reserved 1048576K
Heap Regions: E=young(eden), S=young(survivor), O=old, HS=humongous(starts), HC=humongous(continues), CS=collection set, F=free, A=archive, TAMS=top-at-mark-start (previous, next)
|   0|0x0000000088000000, 0x0000000088100000, 0x0000000088100000|100%|HS|  |TAMS 0x0000000088100000, 0x0000000088000000| Complete 
|   1|0x0000000088100000, 0x0000000088200000, 0x0000000088200000|100%| O|  |TAMS 0x0000000088200000, 0x0000000088100000| Untracked 
|   2|0x0000000088200000, 0x0000000088300000, 0x0000000088300000|100%| O|  |TAMS 0x0000000088300000, 0x0000000088200000| Untracked 
|   3|0x0000000088300000, 0x0000000088400000, 0x0000000088400000|100%| O|  |TAMS 0x0000000088400000, 0x0000000088300000| Untracked 
|   4|0x0000000088400000, 0x0000000088500000, 0x0000000088500000|100%| O|  |TAMS 0x0000000088500000, 0x0000000088400000| Untracked 
|   5|0x0000000088500000, 0x0000000088600000, 0x0000000088600000|100%| O|  |TAMS 0x0000000088600000, 0x0000000088500000| Untracked 
|   6|0x0000000088600000, 0x0000000088700000, 0x0000000088700000|100%| O|  |TAMS 0x0000000088700000, 0x0000000088600000| Untracked 
|   7|0x0000000088700000, 0x0000000088800000, 0x0000000088800000|100%| O|  |TAMS 0x0000000088800000, 0x0000000088700000| Untracked 
|   8|0x0000000088800000, 0x0000000088900000, 0x0000000088900000|100%| O|  |TAMS 0x0000000088900000, 0x0000000088800000| Untracked 
|   9|0x0000000088900000, 0x0000000088a00000, 0x0000000088a00000|100%| O|  |TAMS 0x0000000088a00000, 0x0000000088900000| Untracked 
|  10|0x0000000088a00000, 0x0000000088b00000, 0x0000000088b00000|100%| O|  |TAMS 0x0000000088b00000, 0x0000000088a00000| Untracked 
|  11|0x0000000088b00000, 0x0000000088c00000, 0x0000000088c00000|100%| O|  |TAMS 0x0000000088c00000, 0x0000000088b00000| Untracked 
|  12|0x0000000088c00000, 0x0000000088d00000, 0x0000000088d00000|100%| O|  |TAMS 0x0000000088d00000, 0x0000000088c00000| Untracked 
|  13|0x0000000088d00000, 0x0000000088e00000, 0x0000000088e00000|100%| O|  |TAMS 0x0000000088e00000, 0x0000000088d00000| Untracked 
|  14|0x0000000088e00000, 0x0000000088f00000, 0x0000000088f00000|100%| O|  |TAMS 0x0000000088f00000, 0x0000000088e00000| Untracked 
|  15|0x0000000088f00000, 0x0000000089000000, 0x0000000089000000|100%| O|  |TAMS 0x0000000089000000, 0x0000000088f00000| Untracked 
|  16|0x0000000089000000, 0x0000000089100000, 0x0000000089100000|100%| O|  |TAMS 0x0000000089100000, 0x0000000089000000| Untracked 
|  17|0x0000000089100000, 0x0000000089200000, 0x0000000089200000|100%| O|  |TAMS 0x0000000089200000, 0x0000000089100000| Untracked 
|  18|0x0000000089200000, 0x00000000892ace00, 0x0000000089300000| 67%| O|  |TAMS 0x00000000892ace00, 0x0000000089200000| Untracked 
|  19|0x0000000089300000, 0x0000000089300000, 0x0000000089400000|  0%| F|  |TAMS 0x0000000089300000, 0x0000000089300000| Untracked 
|  20|0x0000000089400000, 0x0000000089400000, 0x0000000089500000|  0%| F|  |TAMS 0x0000000089400000, 0x0000000089400000| Untracked 
|  21|0x0000000089500000, 0x0000000089500000, 0x0000000089600000|  0%| F|  |TAMS 0x0000000089500000, 0x0000000089500000| Untracked 
|  22|0x0000000089600000, 0x0000000089600000, 0x0000000089700000|  0%| F|  |TAMS 0x0000000089600000, 0x0000000089600000| Untracked 
|  23|0x0000000089700000, 0x0000000089700000, 0x0000000089800000|  0%| F|  |TAMS 0x0000000089700000, 0x0000000089700000| Untracked 
|  24|0x0000000089800000, 0x0000000089800000, 0x0000000089900000|  0%| F|  |TAMS 0x0000000089800000, 0x0000000089800000| Untracked 
|  25|0x0000000089900000, 0x0000000089900000, 0x0000000089a00000|  0%| F|  |TAMS 0x0000000089900000, 0x0000000089900000| Untracked 
|  26|0x0000000089a00000, 0x0000000089a00000, 0x0000000089b00000|  0%| F|  |TAMS 0x0000000089a00000, 0x0000000089a00000| Untracked 
|  27|0x0000000089b00000, 0x0000000089b00000, 0x0000000089c00000|  0%| F|  |TAMS 0x0000000089b00000, 0x0000000089b00000| Untracked 
|  28|0x0000000089c00000, 0x0000000089c00000, 0x0000000089d00000|  0%| F|  |TAMS 0x0000000089c00000, 0x0000000089c00000| Untracked 
|  29|0x0000000089d00000, 0x0000000089d00000, 0x0000000089e00000|  0%| F|  |TAMS 0x0000000089d00000, 0x0000000089d00000| Untracked 
|  30|0x0000000089e00000, 0x0000000089e00000, 0x0000000089f00000|  0%| F|  |TAMS 0x0000000089e00000, 0x0000000089e00000| Untracked 
|  31|0x0000000089f00000, 0x0000000089f00000, 0x000000008a000000|  0%| F|  |TAMS 0x0000000089f00000, 0x0000000089f00000| Untracked 
|  32|0x000000008a000000, 0x000000008a000000, 0x000000008a100000|  0%| F|  |TAMS 0x000000008a000000, 0x000000008a000000| Untracked 
|  33|0x000000008a100000, 0x000000008a100000, 0x000000008a200000|  0%| F|  |TAMS 0x000000008a100000, 0x000000008a100000| Untracked 
|  34|0x000000008a200000, 0x000000008a200000, 0x000000008a300000|  0%| F|  |TAMS 0x000000008a200000, 0x000000008a200000| Untracked 
|  35|0x000000008a300000, 0x000000008a300000, 0x000000008a400000|  0%| F|  |TAMS 0x000000008a300000, 0x000000008a300000| Untracked 
|  36|0x000000008a400000, 0x000000008a400000, 0x000000008a500000|  0%| F|  |TAMS 0x000000008a400000, 0x000000008a400000| Untracked 
|  37|0x000000008a500000, 0x000000008a500000, 0x000000008a600000|  0%| F|  |TAMS 0x000000008a500000, 0x000000008a500000| Untracked 
|  38|0x000000008a600000, 0x000000008a600000, 0x000000008a700000|  0%| F|  |TAMS 0x000000008a600000, 0x000000008a600000| Untracked 
|  39|0x000000008a700000, 0x000000008a700000, 0x000000008a800000|  0%| F|  |TAMS 0x000000008a700000, 0x000000008a700000| Untracked 
|  40|0x000000008a800000, 0x000000008a800000, 0x000000008a900000|  0%| F|  |TAMS 0x000000008a800000, 0x000000008a800000| Untracked 
|  41|0x000000008a900000, 0x000000008a900000, 0x000000008aa00000|  0%| F|  |TAMS 0x000000008a900000, 0x000000008a900000| Untracked 
|  42|0x000000008aa00000, 0x000000008aa00000, 0x000000008ab00000|  0%| F|  |TAMS 0x000000008aa00000, 0x000000008aa00000| Untracked 
|  43|0x000000008ab00000, 0x000000008ab00000, 0x000000008ac00000|  0%| F|  |TAMS 0x000000008ab00000, 0x000000008ab00000| Untracked 
|  44|0x000000008ac00000, 0x000000008ac00000, 0x000000008ad00000|  0%| F|  |TAMS 0x000000008ac00000, 0x000000008ac00000| Untracked 
|  45|0x000000008ad00000, 0x000000008ad00000, 0x000000008ae00000|  0%| F|  |TAMS 0x000000008ad00000, 0x000000008ad00000| Untracked 
|  46|0x000000008ae00000, 0x000000008ae00000, 0x000000008af00000|  0%| F|  |TAMS 0x000000008ae00000, 0x000000008ae00000| Untracked 
|  47|0x000000008af00000, 0x000000008af00000, 0x000000008b000000|  0%| F|  |TAMS 0x000000008af00000, 0x000000008af00000| Untracked 
|  48|0x000000008b000000, 0x000000008b000000, 0x000000008b100000|  0%| F|  |TAMS 0x000000008b000000, 0x000000008b000000| Untracked 
|  49|0x000000008b100000, 0x000000008b100000, 0x000000008b200000|  0%| F|  |TAMS 0x000000008b100000, 0x000000008b100000| Untracked 
|  50|0x000000008b200000, 0x000000008b200000, 0x000000008b300000|  0%| F|  |TAMS 0x000000008b200000, 0x000000008b200000| Untracked 
|  51|0x000000008b300000, 0x000000008b300000, 0x000000008b400000|  0%| F|  |TAMS 0x000000008b300000, 0x000000008b300000| Untracked 
|  52|0x000000008b400000, 0x000000008b400000, 0x000000008b500000|  0%| F|  |TAMS 0x000000008b400000, 0x000000008b400000| Untracked 
|  53|0x000000008b500000, 0x000000008b500000, 0x000000008b600000|  0%| F|  |TAMS 0x000000008b500000, 0x000000008b500000| Untracked 
|  54|0x000000008b600000, 0x000000008b600000, 0x000000008b700000|  0%| F|  |TAMS 0x000000008b600000, 0x000000008b600000| Untracked 
|  55|0x000000008b700000, 0x000000008b700000, 0x000000008b800000|  0%| F|  |TAMS 0x000000008b700000, 0x000000008b700000| Untracked 
|  56|0x000000008b800000, 0x000000008b800000, 0x000000008b900000|  0%| F|  |TAMS 0x000000008b800000, 0x000000008b800000| Untracked 
|  57|0x000000008b900000, 0x000000008b900000, 0x000000008ba00000|  0%| F|  |TAMS 0x000000008b900000, 0x000000008b900000| Untracked 
|  58|0x000000008ba00000, 0x000000008ba00000, 0x000000008bb00000|  0%| F|  |TAMS 0x000000008ba00000, 0x000000008ba00000| Untracked 
|  59|0x000000008bb00000, 0x000000008bb00000, 0x000000008bc00000|  0%| F|  |TAMS 0x000000008bb00000, 0x000000008bb00000| Untracked 
|  60|0x000000008bc00000, 0x000000008bc00000, 0x000000008bd00000|  0%| F|  |TAMS 0x000000008bc00000, 0x000000008bc00000| Untracked 
|  61|0x000000008bd00000, 0x000000008bd00000, 0x000000008be00000|  0%| F|  |TAMS 0x000000008bd00000, 0x000000008bd00000| Untracked 
|  62|0x000000008be00000, 0x000000008bf00000, 0x000000008bf00000|100%| S|CS|TAMS 0x000000008be00000, 0x000000008be00000| Complete 
|  63|0x000000008bf00000, 0x000000008c000000, 0x000000008c000000|100%| S|CS|TAMS 0x000000008bf00000, 0x000000008bf00000| Complete 
|  64|0x000000008c000000, 0x000000008c100000, 0x000000008c100000|100%| S|CS|TAMS 0x000000008c000000, 0x000000008c000000| Complete 
|  65|0x000000008c100000, 0x000000008c200000, 0x000000008c200000|100%| S|CS|TAMS 0x000000008c100000, 0x000000008c100000| Complete 
|  66|0x000000008c200000, 0x000000008c300000, 0x000000008c300000|100%| S|CS|TAMS 0x000000008c200000, 0x000000008c200000| Complete 
|  67|0x000000008c300000, 0x000000008c400000, 0x000000008c400000|100%| S|CS|TAMS 0x000000008c300000, 0x000000008c300000| Complete 
|  68|0x000000008c400000, 0x000000008c500000, 0x000000008c500000|100%| S|CS|TAMS 0x000000008c400000, 0x000000008c400000| Complete 
|  69|0x000000008c500000, 0x000000008c600000, 0x000000008c600000|100%| S|CS|TAMS 0x000000008c500000, 0x000000008c500000| Complete 
|  70|0x000000008c600000, 0x000000008c600000, 0x000000008c700000|  0%| F|  |TAMS 0x000000008c600000, 0x000000008c600000| Untracked 
|  71|0x000000008c700000, 0x000000008c700000, 0x000000008c800000|  0%| F|  |TAMS 0x000000008c700000, 0x000000008c700000| Untracked 
|  72|0x000000008c800000, 0x000000008c800000, 0x000000008c900000|  0%| F|  |TAMS 0x000000008c800000, 0x000000008c800000| Untracked 
|  73|0x000000008c900000, 0x000000008c900000, 0x000000008ca00000|  0%| F|  |TAMS 0x000000008c900000, 0x000000008c900000| Untracked 
|  74|0x000000008ca00000, 0x000000008ca00000, 0x000000008cb00000|  0%| F|  |TAMS 0x000000008ca00000, 0x000000008ca00000| Untracked 
|  75|0x000000008cb00000, 0x000000008cb00000, 0x000000008cc00000|  0%| F|  |TAMS 0x000000008cb00000, 0x000000008cb00000| Untracked 
|  76|0x000000008cc00000, 0x000000008cc00000, 0x000000008cd00000|  0%| F|  |TAMS 0x000000008cc00000, 0x000000008cc00000| Untracked 
|  77|0x000000008cd00000, 0x000000008cd00000, 0x000000008ce00000|  0%| F|  |TAMS 0x000000008cd00000, 0x000000008cd00000| Untracked 
|  78|0x000000008ce00000, 0x000000008ce00000, 0x000000008cf00000|  0%| F|  |TAMS 0x000000008ce00000, 0x000000008ce00000| Untracked 
|  79|0x000000008cf00000, 0x000000008cf00000, 0x000000008d000000|  0%| F|  |TAMS 0x000000008cf00000, 0x000000008cf00000| Untracked 
|  80|0x000000008d000000, 0x000000008d000000, 0x000000008d100000|  0%| F|  |TAMS 0x000000008d000000, 0x000000008d000000| Untracked 
|  81|0x000000008d100000, 0x000000008d100000, 0x000000008d200000|  0%| F|  |TAMS 0x000000008d100000, 0x000000008d100000| Untracked 
|  82|0x000000008d200000, 0x000000008d200000, 0x000000008d300000|  0%| F|  |TAMS 0x000000008d200000, 0x000000008d200000| Untracked 
|  83|0x000000008d300000, 0x000000008d300000, 0x000000008d400000|  0%| F|  |TAMS 0x000000008d300000, 0x000000008d300000| Untracked 
|  84|0x000000008d400000, 0x000000008d400000, 0x000000008d500000|  0%| F|  |TAMS 0x000000008d400000, 0x000000008d400000| Untracked 
|  85|0x000000008d500000, 0x000000008d500000, 0x000000008d600000|  0%| F|  |TAMS 0x000000008d500000, 0x000000008d500000| Untracked 
|  86|0x000000008d600000, 0x000000008d600000, 0x000000008d700000|  0%| F|  |TAMS 0x000000008d600000, 0x000000008d600000| Untracked 
|  87|0x000000008d700000, 0x000000008d700000, 0x000000008d800000|  0%| F|  |TAMS 0x000000008d700000, 0x000000008d700000| Untracked 
|  88|0x000000008d800000, 0x000000008d800000, 0x000000008d900000|  0%| F|  |TAMS 0x000000008d800000, 0x000000008d800000| Untracked 
|  89|0x000000008d900000, 0x000000008d900000, 0x000000008da00000|  0%| F|  |TAMS 0x000000008d900000, 0x000000008d900000| Untracked 
|  90|0x000000008da00000, 0x000000008da00000, 0x000000008db00000|  0%| F|  |TAMS 0x000000008da00000, 0x000000008da00000| Untracked 
|  91|0x000000008db00000, 0x000000008db00000, 0x000000008dc00000|  0%| F|  |TAMS 0x000000008db00000, 0x000000008db00000| Untracked 
|  92|0x000000008dc00000, 0x000000008dc00000, 0x000000008dd00000|  0%| F|  |TAMS 0x000000008dc00000, 0x000000008dc00000| Untracked 
|  93|0x000000008dd00000, 0x000000008dd00000, 0x000000008de00000|  0%| F|  |TAMS 0x000000008dd00000, 0x000000008dd00000| Untracked 
|  94|0x000000008de00000, 0x000000008de00000, 0x000000008df00000|  0%| F|  |TAMS 0x000000008de00000, 0x000000008de00000| Untracked 
|  95|0x000000008df00000, 0x000000008df00000, 0x000000008e000000|  0%| F|  |TAMS 0x000000008df00000, 0x000000008df00000| Untracked 
|  96|0x000000008e000000, 0x000000008e000000, 0x000000008e100000|  0%| F|  |TAMS 0x000000008e000000, 0x000000008e000000| Untracked 
|  97|0x000000008e100000, 0x000000008e100000, 0x000000008e200000|  0%| F|  |TAMS 0x000000008e100000, 0x000000008e100000| Untracked 
|  98|0x000000008e200000, 0x000000008e200000, 0x000000008e300000|  0%| F|  |TAMS 0x000000008e200000, 0x000000008e200000| Untracked 
|  99|0x000000008e300000, 0x000000008e300000, 0x000000008e400000|  0%| F|  |TAMS 0x000000008e300000, 0x000000008e300000| Untracked 
| 100|0x000000008e400000, 0x000000008e400000, 0x000000008e500000|  0%| F|  |TAMS 0x000000008e400000, 0x000000008e400000| Untracked 
| 101|0x000000008e500000, 0x000000008e500000, 0x000000008e600000|  0%| F|  |TAMS 0x000000008e500000, 0x000000008e500000| Untracked 
| 102|0x000000008e600000, 0x000000008e600000, 0x000000008e700000|  0%| F|  |TAMS 0x000000008e600000, 0x000000008e600000| Untracked 
| 103|0x000000008e700000, 0x000000008e700000, 0x000000008e800000|  0%| F|  |TAMS 0x000000008e700000, 0x000000008e700000| Untracked 
| 104|0x000000008e800000, 0x000000008e800000, 0x000000008e900000|  0%| F|  |TAMS 0x000000008e800000, 0x000000008e800000| Untracked 
| 105|0x000000008e900000, 0x000000008e900000, 0x000000008ea00000|  0%| F|  |TAMS 0x000000008e900000, 0x000000008e900000| Untracked 
| 106|0x000000008ea00000, 0x000000008ea00000, 0x000000008eb00000|  0%| F|  |TAMS 0x000000008ea00000, 0x000000008ea00000| Untracked 
| 107|0x000000008eb00000, 0x000000008eb00000, 0x000000008ec00000|  0%| F|  |TAMS 0x000000008eb00000, 0x000000008eb00000| Untracked 
| 108|0x000000008ec00000, 0x000000008ec00000, 0x000000008ed00000|  0%| F|  |TAMS 0x000000008ec00000, 0x000000008ec00000| Untracked 
| 109|0x000000008ed00000, 0x000000008ed00000, 0x000000008ee00000|  0%| F|  |TAMS 0x000000008ed00000, 0x000000008ed00000| Untracked 
| 110|0x000000008ee00000, 0x000000008ee00000, 0x000000008ef00000|  0%| F|  |TAMS 0x000000008ee00000, 0x000000008ee00000| Untracked 
| 111|0x000000008ef00000, 0x000000008ef00000, 0x000000008f000000|  0%| F|  |TAMS 0x000000008ef00000, 0x000000008ef00000| Untracked 
| 112|0x000000008f000000, 0x000000008f000000, 0x000000008f100000|  0%| F|  |TAMS 0x000000008f000000, 0x000000008f000000| Untracked 
| 113|0x000000008f100000, 0x000000008f100000, 0x000000008f200000|  0%| F|  |TAMS 0x000000008f100000, 0x000000008f100000| Untracked 
| 114|0x000000008f200000, 0x000000008f200000, 0x000000008f300000|  0%| F|  |TAMS 0x000000008f200000, 0x000000008f200000| Untracked 
| 115|0x000000008f300000, 0x000000008f300000, 0x000000008f400000|  0%| F|  |TAMS 0x000000008f300000, 0x000000008f300000| Untracked 
| 116|0x000000008f400000, 0x000000008f400000, 0x000000008f500000|  0%| F|  |TAMS 0x000000008f400000, 0x000000008f400000| Untracked 
| 117|0x000000008f500000, 0x000000008f500000, 0x000000008f600000|  0%| F|  |TAMS 0x000000008f500000, 0x000000008f500000| Untracked 
| 118|0x000000008f600000, 0x000000008f600000, 0x000000008f700000|  0%| F|  |TAMS 0x000000008f600000, 0x000000008f600000| Untracked 
| 119|0x000000008f700000, 0x000000008f700000, 0x000000008f800000|  0%| F|  |TAMS 0x000000008f700000, 0x000000008f700000| Untracked 
| 120|0x000000008f800000, 0x000000008f800000, 0x000000008f900000|  0%| F|  |TAMS 0x000000008f800000, 0x000000008f800000| Untracked 
| 121|0x000000008f900000, 0x000000008f900000, 0x000000008fa00000|  0%| F|  |TAMS 0x000000008f900000, 0x000000008f900000| Untracked 
| 122|0x000000008fa00000, 0x000000008fa00000, 0x000000008fb00000|  0%| F|  |TAMS 0x000000008fa00000, 0x000000008fa00000| Untracked 
| 123|0x000000008fb00000, 0x000000008fb00000, 0x000000008fc00000|  0%| F|  |TAMS 0x000000008fb00000, 0x000000008fb00000| Untracked 
| 124|0x000000008fc00000, 0x000000008fc00000, 0x000000008fd00000|  0%| F|  |TAMS 0x000000008fc00000, 0x000000008fc00000| Untracked 
| 125|0x000000008fd00000, 0x000000008fd00000, 0x000000008fe00000|  0%| F|  |TAMS 0x000000008fd00000, 0x000000008fd00000| Untracked 
| 126|0x000000008fe00000, 0x000000008fe00000, 0x000000008ff00000|  0%| F|  |TAMS 0x000000008fe00000, 0x000000008fe00000| Untracked 
| 127|0x000000008ff00000, 0x000000008ff00000, 0x0000000090000000|  0%| F|  |TAMS 0x000000008ff00000, 0x000000008ff00000| Untracked 
| 128|0x0000000090000000, 0x0000000090000000, 0x0000000090100000|  0%| F|  |TAMS 0x0000000090000000, 0x0000000090000000| Untracked 
| 129|0x0000000090100000, 0x0000000090100000, 0x0000000090200000|  0%| F|  |TAMS 0x0000000090100000, 0x0000000090100000| Untracked 
| 130|0x0000000090200000, 0x0000000090200000, 0x0000000090300000|  0%| F|  |TAMS 0x0000000090200000, 0x0000000090200000| Untracked 
| 131|0x0000000090300000, 0x0000000090300000, 0x0000000090400000|  0%| F|  |TAMS 0x0000000090300000, 0x0000000090300000| Untracked 
| 132|0x0000000090400000, 0x0000000090400000, 0x0000000090500000|  0%| F|  |TAMS 0x0000000090400000, 0x0000000090400000| Untracked 
| 133|0x0000000090500000, 0x0000000090500000, 0x0000000090600000|  0%| F|  |TAMS 0x0000000090500000, 0x0000000090500000| Untracked 
| 134|0x0000000090600000, 0x0000000090600000, 0x0000000090700000|  0%| F|  |TAMS 0x0000000090600000, 0x0000000090600000| Untracked 
| 135|0x0000000090700000, 0x0000000090700000, 0x0000000090800000|  0%| F|  |TAMS 0x0000000090700000, 0x0000000090700000| Untracked 
| 136|0x0000000090800000, 0x0000000090800000, 0x0000000090900000|  0%| F|  |TAMS 0x0000000090800000, 0x0000000090800000| Untracked 
| 137|0x0000000090900000, 0x0000000090900000, 0x0000000090a00000|  0%| F|  |TAMS 0x0000000090900000, 0x0000000090900000| Untracked 
| 138|0x0000000090a00000, 0x0000000090a00000, 0x0000000090b00000|  0%| F|  |TAMS 0x0000000090a00000, 0x0000000090a00000| Untracked 
| 139|0x0000000090b00000, 0x0000000090b00000, 0x0000000090c00000|  0%| F|  |TAMS 0x0000000090b00000, 0x0000000090b00000| Untracked 
| 140|0x0000000090c00000, 0x0000000090c00000, 0x0000000090d00000|  0%| F|  |TAMS 0x0000000090c00000, 0x0000000090c00000| Untracked 
| 141|0x0000000090d00000, 0x0000000090d00000, 0x0000000090e00000|  0%| F|  |TAMS 0x0000000090d00000, 0x0000000090d00000| Untracked 
| 142|0x0000000090e00000, 0x0000000090e00000, 0x0000000090f00000|  0%| F|  |TAMS 0x0000000090e00000, 0x0000000090e00000| Untracked 
| 143|0x0000000090f00000, 0x0000000090f00000, 0x0000000091000000|  0%| F|  |TAMS 0x0000000090f00000, 0x0000000090f00000| Untracked 
| 144|0x0000000091000000, 0x0000000091000000, 0x0000000091100000|  0%| F|  |TAMS 0x0000000091000000, 0x0000000091000000| Untracked 
| 145|0x0000000091100000, 0x0000000091100000, 0x0000000091200000|  0%| F|  |TAMS 0x0000000091100000, 0x0000000091100000| Untracked 
| 146|0x0000000091200000, 0x0000000091200000, 0x0000000091300000|  0%| F|  |TAMS 0x0000000091200000, 0x0000000091200000| Untracked 
| 147|0x0000000091300000, 0x0000000091300000, 0x0000000091400000|  0%| F|  |TAMS 0x0000000091300000, 0x0000000091300000| Untracked 
| 148|0x0000000091400000, 0x0000000091400000, 0x0000000091500000|  0%| F|  |TAMS 0x0000000091400000, 0x0000000091400000| Untracked 
| 149|0x0000000091500000, 0x0000000091500000, 0x0000000091600000|  0%| F|  |TAMS 0x0000000091500000, 0x0000000091500000| Untracked 
| 150|0x0000000091600000, 0x0000000091600000, 0x0000000091700000|  0%| F|  |TAMS 0x0000000091600000, 0x0000000091600000| Untracked 
| 151|0x0000000091700000, 0x0000000091700000, 0x0000000091800000|  0%| F|  |TAMS 0x0000000091700000, 0x0000000091700000| Untracked 
| 152|0x0000000091800000, 0x0000000091800000, 0x0000000091900000|  0%| F|  |TAMS 0x0000000091800000, 0x0000000091800000| Untracked 
| 153|0x0000000091900000, 0x0000000091900000, 0x0000000091a00000|  0%| F|  |TAMS 0x0000000091900000, 0x0000000091900000| Untracked 
| 154|0x0000000091a00000, 0x0000000091a00000, 0x0000000091b00000|  0%| F|  |TAMS 0x0000000091a00000, 0x0000000091a00000| Untracked 
| 155|0x0000000091b00000, 0x0000000091b00000, 0x0000000091c00000|  0%| F|  |TAMS 0x0000000091b00000, 0x0000000091b00000| Untracked 
| 156|0x0000000091c00000, 0x0000000091c00000, 0x0000000091d00000|  0%| F|  |TAMS 0x0000000091c00000, 0x0000000091c00000| Untracked 
| 157|0x0000000091d00000, 0x0000000091d00000, 0x0000000091e00000|  0%| F|  |TAMS 0x0000000091d00000, 0x0000000091d00000| Untracked 
| 158|0x0000000091e00000, 0x0000000091e00000, 0x0000000091f00000|  0%| F|  |TAMS 0x0000000091e00000, 0x0000000091e00000| Untracked 
| 159|0x0000000091f00000, 0x0000000091f00000, 0x0000000092000000|  0%| F|  |TAMS 0x0000000091f00000, 0x0000000091f00000| Untracked 
| 160|0x0000000092000000, 0x0000000092000000, 0x0000000092100000|  0%| F|  |TAMS 0x0000000092000000, 0x0000000092000000| Untracked 
| 161|0x0000000092100000, 0x0000000092100000, 0x0000000092200000|  0%| F|  |TAMS 0x0000000092100000, 0x0000000092100000| Untracked 
| 162|0x0000000092200000, 0x0000000092200000, 0x0000000092300000|  0%| F|  |TAMS 0x0000000092200000, 0x0000000092200000| Untracked 
| 163|0x0000000092300000, 0x0000000092300000, 0x0000000092400000|  0%| F|  |TAMS 0x0000000092300000, 0x0000000092300000| Untracked 
| 164|0x0000000092400000, 0x0000000092400000, 0x0000000092500000|  0%| F|  |TAMS 0x0000000092400000, 0x0000000092400000| Untracked 
| 165|0x0000000092500000, 0x0000000092500000, 0x0000000092600000|  0%| F|  |TAMS 0x0000000092500000, 0x0000000092500000| Untracked 
| 166|0x0000000092600000, 0x0000000092600000, 0x0000000092700000|  0%| F|  |TAMS 0x0000000092600000, 0x0000000092600000| Untracked 
| 167|0x0000000092700000, 0x0000000092700000, 0x0000000092800000|  0%| F|  |TAMS 0x0000000092700000, 0x0000000092700000| Untracked 
| 168|0x0000000092800000, 0x0000000092800000, 0x0000000092900000|  0%| F|  |TAMS 0x0000000092800000, 0x0000000092800000| Untracked 
| 169|0x0000000092900000, 0x0000000092900000, 0x0000000092a00000|  0%| F|  |TAMS 0x0000000092900000, 0x0000000092900000| Untracked 
| 170|0x0000000092a00000, 0x0000000092ad51a0, 0x0000000092b00000| 83%| E|  |TAMS 0x0000000092a00000, 0x0000000092a00000| Complete 
| 171|0x0000000092b00000, 0x0000000092c00000, 0x0000000092c00000|100%| E|CS|TAMS 0x0000000092b00000, 0x0000000092b00000| Complete 
| 172|0x0000000092c00000, 0x0000000092d00000, 0x0000000092d00000|100%| E|CS|TAMS 0x0000000092c00000, 0x0000000092c00000| Complete 

Card table byte_map: [0x000001e14f990000,0x000001e14fd50000] _byte_map_base: 0x000001e14f550000

Marking Bits (Prev, Next): (CMBitMap*) 0x000001e138690720, (CMBitMap*) 0x000001e1386906e8
 Prev Bits: [0x000001e151f10000, 0x000001e153d10000)
 Next Bits: [0x000001e150110000, 0x000001e151f10000)

Polling page: 0x000001e136460000

Metaspace:

Usage:
  Non-class:     54.21 MB capacity,    53.06 MB ( 98%) used,   956.10 KB (  2%) free+waste,   231.25 KB ( <1%) overhead. 
      Class:      8.84 MB capacity,     8.11 MB ( 92%) used,   637.28 KB (  7%) free+waste,   112.81 KB (  1%) overhead. 
       Both:     63.06 MB capacity,    61.17 MB ( 97%) used,     1.56 MB (  2%) free+waste,   344.06 KB ( <1%) overhead. 

Virtual space:
  Non-class space:       56.00 MB reserved,      54.25 MB ( 97%) committed 
      Class space:        1.00 GB reserved,       8.88 MB ( <1%) committed 
             Both:        1.05 GB reserved,      63.13 MB (  6%) committed 

Chunk freelists:
   Non-Class:  0 bytes
       Class:  0 bytes
        Both:  0 bytes

CodeHeap 'non-profiled nmethods': size=239488Kb used=11081Kb max_used=11081Kb free=228406Kb
 bounds [0x000001e140fb0000, 0x000001e141a90000, 0x000001e14f990000]
CodeHeap 'non-nmethods': size=6272Kb used=1244Kb max_used=1808Kb free=5027Kb
 bounds [0x000001e140990000, 0x000001e140c00000, 0x000001e140fb0000]
 total_blobs=7584 nmethods=6847 adapters=557
 compilation: enabled
              stopped_count=0, restarted_count=0
 full_count=0

Compilation events (10 events):
Event: 1860.842 Thread 0x000001e156106000 nmethod 6928 0x000001e141a81d90 code [0x000001e141a81f80, 0x000001e141a824e0]
Event: 1860.847 Thread 0x000001e156106000 6930       1       org.hibernate.engine.internal.TwoPhaseLoad::afterInitialize (29 bytes)
Event: 1860.848 Thread 0x000001e156106000 nmethod 6930 0x000001e141a82690 code [0x000001e141a82880, 0x000001e141a82ad0]
Event: 1860.848 Thread 0x000001e156106000 6933       1       java.util.LinkedList::unlinkFirst (64 bytes)
Event: 1860.848 Thread 0x000001e156106000 nmethod 6933 0x000001e141a82c90 code [0x000001e141a82e40, 0x000001e141a830b8]
Event: 1860.848 Thread 0x000001e156106000 6931   !   1       java.util.concurrent.CopyOnWriteArrayList::remove (175 bytes)
Event: 1860.849 Thread 0x000001e156106000 nmethod 6931 0x000001e141a83190 code [0x000001e141a833a0, 0x000001e141a83ba0]
Event: 1860.849 Thread 0x000001e156106000 6932       1       org.springframework.transaction.support.ResourceHolderSupport::isVoid (5 bytes)
Event: 1860.849 Thread 0x000001e156106000 nmethod 6932 0x000001e141a83f90 code [0x000001e141a84140, 0x000001e141a84258]
Event: 1861.199 Thread 0x000001e156106000 6934   !   1       org.apache.tomcat.util.buf.StringCache::toString (615 bytes)

GC Heap History (10 events):
Event: 10.070 GC heap before
{Heap before GC invocations=12 (full 0):
 garbage-first heap   total 147456K, used 96768K [0x0000000088000000, 0x0000000100000000)
  region size 1024K, 86 young (88064K), 6 survivors (6144K)
 Metaspace       used 41742K, capacity 43053K, committed 43264K, reserved 1087488K
  class space    used 5257K, capacity 5773K, committed 5888K, reserved 1048576K
}
Event: 10.087 GC heap after
{Heap after GC invocations=13 (full 0):
 garbage-first heap   total 147456K, used 19456K [0x0000000088000000, 0x0000000100000000)
  region size 1024K, 9 young (9216K), 9 survivors (9216K)
 Metaspace       used 41742K, capacity 43053K, committed 43264K, reserved 1087488K
  class space    used 5257K, capacity 5773K, committed 5888K, reserved 1048576K
}
Event: 13.588 GC heap before
{Heap before GC invocations=13 (full 0):
 garbage-first heap   total 147456K, used 98304K [0x0000000088000000, 0x0000000100000000)
  region size 1024K, 86 young (88064K), 9 survivors (9216K)
 Metaspace       used 54551K, capacity 56190K, committed 56320K, reserved 1097728K
  class space    used 7204K, capacity 7839K, committed 7936K, reserved 1048576K
}
Event: 13.620 GC heap after
{Heap after GC invocations=14 (full 0):
 garbage-first heap   total 147456K, used 23055K [0x0000000088000000, 0x0000000100000000)
  region size 1024K, 8 young (8192K), 8 survivors (8192K)
 Metaspace       used 54551K, capacity 56190K, committed 56320K, reserved 1097728K
  class space    used 7204K, capacity 7839K, committed 7936K, reserved 1048576K
}
Event: 309.014 GC heap before
{Heap before GC invocations=14 (full 0):
 garbage-first heap   total 147456K, used 102927K [0x0000000088000000, 0x0000000100000000)
  region size 1024K, 86 young (88064K), 8 survivors (8192K)
 Metaspace       used 57988K, capacity 59759K, committed 59904K, reserved 1101824K
  class space    used 7710K, capacity 8422K, committed 8448K, reserved 1048576K
}
Event: 309.044 GC heap after
{Heap after GC invocations=15 (full 0):
 garbage-first heap   total 177152K, used 26291K [0x0000000088000000, 0x0000000100000000)
  region size 1024K, 7 young (7168K), 7 survivors (7168K)
 Metaspace       used 57988K, capacity 59759K, committed 59904K, reserved 1101824K
  class space    used 7710K, capacity 8422K, committed 8448K, reserved 1048576K
}
Event: 785.931 GC heap before
{Heap before GC invocations=15 (full 0):
 garbage-first heap   total 177152K, used 58035K [0x0000000088000000, 0x0000000100000000)
  region size 1024K, 39 young (39936K), 7 survivors (7168K)
 Metaspace       used 58116K, capacity 59887K, committed 60160K, reserved 1101824K
  class space    used 7725K, capacity 8422K, committed 8448K, reserved 1048576K
}
Event: 785.950 GC heap after
{Heap after GC invocations=16 (full 0):
 garbage-first heap   total 177152K, used 26291K [0x0000000088000000, 0x0000000100000000)
  region size 1024K, 7 young (7168K), 7 survivors (7168K)
 Metaspace       used 58116K, capacity 59887K, committed 60160K, reserved 1101824K
  class space    used 7725K, capacity 8422K, committed 8448K, reserved 1048576K
}
Event: 1835.216 GC heap before
{Heap before GC invocations=17 (full 0):
 garbage-first heap   total 177152K, used 123571K [0x0000000088000000, 0x0000000100000000)
  region size 1024K, 103 young (105472K), 7 survivors (7168K)
 Metaspace       used 62634K, capacity 64572K, committed 64640K, reserved 1105920K
  class space    used 8305K, capacity 9056K, committed 9088K, reserved 1048576K
}
Event: 1835.247 GC heap after
{Heap after GC invocations=18 (full 0):
 garbage-first heap   total 177152K, used 27315K [0x0000000088000000, 0x0000000100000000)
  region size 1024K, 8 young (8192K), 8 survivors (8192K)
 Metaspace       used 62634K, capacity 64572K, committed 64640K, reserved 1105920K
  class space    used 8305K, capacity 9056K, committed 9088K, reserved 1048576K
}

Deoptimization events (0 events):
No events

Classes redefined (0 events):
No events

Internal exceptions (10 events):
Event: 14.101 Thread 0x000001e1575c9800 Exception <a 'java/lang/ClassNotFoundException'{0x000000008f5644a8}: org/springframework/web/context/ServletContextAwareCustomizer> (0x000000008f5644a8) thrown at [t:/workspace/open/src/hotspot/share/classfile/systemDictionary.cpp, line 231]
Event: 14.101 Thread 0x000001e1575c9800 Exception <a 'java/lang/ClassNotFoundException'{0x000000008f570ff8}: org/springframework/beans/factory/AwareCustomizer> (0x000000008f570ff8) thrown at [t:/workspace/open/src/hotspot/share/classfile/systemDictionary.cpp, line 231]
Event: 14.534 Thread 0x000001e1575c9800 Exception <a 'java/lang/NoSuchMethodError'{0x000000008eb58d40}: java.lang.invoke.DirectMethodHandle$Holder.invokeVirtual(Ljava/lang/Object;Ljava/lang/Object;I)V> (0x000000008eb58d40) thrown at [t:/workspace/open/src/hotspot/share/interpreter/linkResolver.
Event: 14.811 Thread 0x000001e1575c9800 Exception <a 'java/lang/IncompatibleClassChangeError'{0x000000008e5a8578}: Found class java.lang.Object, but interface was expected> (0x000000008e5a8578) thrown at [t:/workspace/open/src/hotspot/share/interpreter/linkResolver.cpp, line 838]
Event: 14.879 Thread 0x000001e1575c9800 Exception <a 'java/lang/NoSuchMethodError'{0x000000008e339ba0}: java.lang.invoke.DirectMethodHandle$Holder.invokeStaticInit(Ljava/lang/Object;Ljava/lang/Object;Ljava/lang/Object;Ljava/lang/Object;)I> (0x000000008e339ba0) thrown at [t:/workspace/open/src/h
Event: 786.327 Thread 0x000001e158c8a000 Exception <a 'java/lang/ClassNotFoundException'{0x0000000092629bb0}: java/lang/ObjectCustomizer> (0x0000000092629bb0) thrown at [t:/workspace/open/src/hotspot/share/classfile/systemDictionary.cpp, line 231]
Event: 786.332 Thread 0x000001e158c8a000 Exception <a 'java/lang/ClassNotFoundException'{0x000000009263d670}: com/os/api/repository/filter/OrdemServicosFilterCustomizer> (0x000000009263d670) thrown at [t:/workspace/open/src/hotspot/share/classfile/systemDictionary.cpp, line 231]
Event: 786.662 Thread 0x000001e158c8a000 Exception <a 'java/lang/NoSuchMethodError'{0x0000000091e3d950}: java.lang.invoke.DirectMethodHandle$Holder.invokeStatic(Ljava/lang/Object;J)Ljava/lang/Object;> (0x0000000091e3d950) thrown at [t:/workspace/open/src/hotspot/share/interpreter/linkResolver.cp
Event: 792.701 Thread 0x000001e15afba800 Exception <a 'java/lang/ClassNotFoundException'{0x000000009186ca10}: java/lang/ObjectCustomizer> (0x000000009186ca10) thrown at [t:/workspace/open/src/hotspot/share/classfile/systemDictionary.cpp, line 231]
Event: 792.702 Thread 0x000001e15afba800 Exception <a 'java/lang/ClassNotFoundException'{0x000000009187fa40}: com/os/api/repository/filter/PessoasFilterCustomizer> (0x000000009187fa40) thrown at [t:/workspace/open/src/hotspot/share/classfile/systemDictionary.cpp, line 231]

Events (10 events):
Event: 1819.768 Thread 0x000001e156128800 flushing nmethod 0x000001e1415fef90
Event: 1819.769 Thread 0x000001e156128800 flushing nmethod 0x000001e141784210
Event: 1819.769 Thread 0x000001e156128800 flushing nmethod 0x000001e141784710
Event: 1819.769 Thread 0x000001e156128800 flushing nmethod 0x000001e1417b7f10
Event: 1819.769 Thread 0x000001e156128800 flushing nmethod 0x000001e1417d2390
Event: 1819.769 Thread 0x000001e156128800 flushing nmethod 0x000001e1417d2e90
Event: 1819.769 Thread 0x000001e156128800 flushing nmethod 0x000001e141800910
Event: 1829.617 Thread 0x000001e159002800 Thread exited: 0x000001e159002800
Event: 1835.216 Executing VM operation: G1CollectForAllocation
Event: 1835.247 Executing VM operation: G1CollectForAllocation done


Dynamic libraries:
0x00007ff6a9910000 - 0x00007ff6a9957000 	C:\Program Files\Java\jdk-11.0.4\bin\javaw.exe
0x00007ffa7e4e0000 - 0x00007ffa7e6d0000 	C:\WINDOWS\SYSTEM32\ntdll.dll
0x00007ffa5e850000 - 0x00007ffa5e863000 	C:\Program Files\AVAST Software\Avast\aswhook.dll
0x00007ffa7c830000 - 0x00007ffa7c8e2000 	C:\WINDOWS\System32\KERNEL32.DLL
0x00007ffa7c2f0000 - 0x00007ffa7c592000 	C:\WINDOWS\System32\KERNELBASE.dll
0x00007ffa7dfe0000 - 0x00007ffa7e083000 	C:\WINDOWS\System32\ADVAPI32.dll
0x00007ffa7cfc0000 - 0x00007ffa7d05e000 	C:\WINDOWS\System32\msvcrt.dll
0x00007ffa7cf20000 - 0x00007ffa7cfb7000 	C:\WINDOWS\System32\sechost.dll
0x00007ffa7d5d0000 - 0x00007ffa7d6f0000 	C:\WINDOWS\System32\RPCRT4.dll
0x00007ffa7d060000 - 0x00007ffa7d1f3000 	C:\WINDOWS\System32\USER32.dll
0x00007ffa7b470000 - 0x00007ffa7b491000 	C:\WINDOWS\System32\win32u.dll
0x00007ffa7dfb0000 - 0x00007ffa7dfd6000 	C:\WINDOWS\System32\GDI32.dll
0x00007ffa7b5a0000 - 0x00007ffa7b734000 	C:\WINDOWS\System32\gdi32full.dll
0x00007ffa7b4a0000 - 0x00007ffa7b53e000 	C:\WINDOWS\System32\msvcp_win.dll
0x00007ffa7b740000 - 0x00007ffa7b83a000 	C:\WINDOWS\System32\ucrtbase.dll
0x00007ffa67190000 - 0x00007ffa67415000 	C:\WINDOWS\WinSxS\amd64_microsoft.windows.common-controls_6595b64144ccf1df_6.0.18362.30_none_a1435978519dce7f\COMCTL32.dll
0x00007ffa7e090000 - 0x00007ffa7e3c6000 	C:\WINDOWS\System32\combase.dll
0x00007ffa7b840000 - 0x00007ffa7b8c1000 	C:\WINDOWS\System32\bcryptPrimitives.dll
0x00007ffa75cf0000 - 0x00007ffa75cfa000 	C:\WINDOWS\SYSTEM32\VERSION.dll
0x00007ffa7c7e0000 - 0x00007ffa7c80e000 	C:\WINDOWS\System32\IMM32.DLL
0x00007ffa604d0000 - 0x00007ffa604e6000 	C:\Program Files\Java\jdk-11.0.4\bin\vcruntime140.dll
0x00007ffa5e920000 - 0x00007ffa5e9ca000 	C:\Program Files\Java\jdk-11.0.4\bin\msvcp140.dll
0x00007ffa1ed40000 - 0x00007ffa1f867000 	C:\Program Files\Java\jdk-11.0.4\bin\server\jvm.dll
0x00007ffa7dfa0000 - 0x00007ffa7dfa8000 	C:\WINDOWS\System32\PSAPI.DLL
0x00007ffa746a0000 - 0x00007ffa746a9000 	C:\WINDOWS\SYSTEM32\WSOCK32.dll
0x00007ffa7d260000 - 0x00007ffa7d2cf000 	C:\WINDOWS\System32\WS2_32.dll
0x00007ffa79370000 - 0x00007ffa79394000 	C:\WINDOWS\SYSTEM32\WINMM.dll
0x00007ffa79340000 - 0x00007ffa7936d000 	C:\WINDOWS\SYSTEM32\WINMMBASE.dll
0x00007ffa7bb20000 - 0x00007ffa7bb6a000 	C:\WINDOWS\System32\cfgmgr32.dll
0x00007ffa7b450000 - 0x00007ffa7b461000 	C:\WINDOWS\System32\kernel.appcore.dll
0x00007ffa604b0000 - 0x00007ffa604c1000 	C:\Program Files\Java\jdk-11.0.4\bin\verify.dll
0x00007ffa74780000 - 0x00007ffa74974000 	C:\WINDOWS\SYSTEM32\DBGHELP.DLL
0x00007ffa74750000 - 0x00007ffa7477a000 	C:\WINDOWS\SYSTEM32\dbgcore.DLL
0x00007ffa60360000 - 0x00007ffa60389000 	C:\Program Files\Java\jdk-11.0.4\bin\java.dll
0x00007ffa60490000 - 0x00007ffa604a6000 	C:\Program Files\Java\jdk-11.0.4\bin\zip.dll
0x00007ffa67660000 - 0x00007ffa6766a000 	C:\Program Files\Java\jdk-11.0.4\bin\jimage.dll
0x00007ffa7d7f0000 - 0x00007ffa7ded0000 	C:\WINDOWS\System32\SHELL32.dll
0x00007ffa7c660000 - 0x00007ffa7c709000 	C:\WINDOWS\System32\shcore.dll
0x00007ffa7bb70000 - 0x00007ffa7c2eb000 	C:\WINDOWS\System32\windows.storage.dll
0x00007ffa7b3c0000 - 0x00007ffa7b3df000 	C:\WINDOWS\System32\profapi.dll
0x00007ffa7b3e0000 - 0x00007ffa7b42a000 	C:\WINDOWS\System32\powrprof.dll
0x00007ffa7b3b0000 - 0x00007ffa7b3c0000 	C:\WINDOWS\System32\UMPDC.dll
0x00007ffa7d200000 - 0x00007ffa7d252000 	C:\WINDOWS\System32\shlwapi.dll
0x00007ffa7ba20000 - 0x00007ffa7ba37000 	C:\WINDOWS\System32\cryptsp.dll
0x00007ffa60070000 - 0x00007ffa60089000 	C:\Program Files\Java\jdk-11.0.4\bin\net.dll
0x00007ffa74d10000 - 0x00007ffa74dff000 	C:\WINDOWS\SYSTEM32\WINHTTP.dll
0x00007ffa70330000 - 0x00007ffa70504000 	C:\WINDOWS\SYSTEM32\urlmon.dll
0x00007ffa70720000 - 0x00007ffa709c6000 	C:\WINDOWS\SYSTEM32\iertutil.dll
0x00007ffa7adf0000 - 0x00007ffa7adfc000 	C:\WINDOWS\SYSTEM32\CRYPTBASE.DLL
0x00007ffa7ac20000 - 0x00007ffa7ac87000 	C:\WINDOWS\system32\mswsock.dll
0x00007ffa60050000 - 0x00007ffa60063000 	C:\Program Files\Java\jdk-11.0.4\bin\nio.dll
0x00007ffa60a00000 - 0x00007ffa60a09000 	C:\Program Files\Java\jdk-11.0.4\bin\management.dll
0x00007ffa60460000 - 0x00007ffa6046c000 	C:\Program Files\Java\jdk-11.0.4\bin\management_ext.dll
0x00007ffa6b1b0000 - 0x00007ffa6b1c6000 	C:\WINDOWS\system32\napinsp.dll
0x00007ffa6b190000 - 0x00007ffa6b1aa000 	C:\WINDOWS\system32\pnrpnsp.dll
0x00007ffa7a9c0000 - 0x00007ffa7aa8a000 	C:\WINDOWS\SYSTEM32\DNSAPI.dll
0x00007ffa7d5c0000 - 0x00007ffa7d5c8000 	C:\WINDOWS\System32\NSI.dll
0x00007ffa7a980000 - 0x00007ffa7a9ba000 	C:\WINDOWS\SYSTEM32\IPHLPAPI.DLL
0x00007ffa68e70000 - 0x00007ffa68e7e000 	C:\WINDOWS\System32\winrnr.dll
0x00007ffa77c40000 - 0x00007ffa77c5c000 	C:\WINDOWS\system32\NLAapi.dll
0x00007ffa68e50000 - 0x00007ffa68e65000 	C:\WINDOWS\system32\wshbth.dll
0x00007ffa72070000 - 0x00007ffa7207a000 	C:\Windows\System32\rasadhlp.dll
0x00007ffa74e80000 - 0x00007ffa74ef7000 	C:\WINDOWS\System32\fwpuclnt.dll
0x00007ffa7ba40000 - 0x00007ffa7ba66000 	C:\WINDOWS\System32\bcrypt.dll
0x00007ffa7a7e0000 - 0x00007ffa7a813000 	C:\WINDOWS\system32\rsaenh.dll
0x00007ffa7b2a0000 - 0x00007ffa7b2c5000 	C:\WINDOWS\SYSTEM32\USERENV.dll
0x00007ffa75160000 - 0x00007ffa75176000 	C:\WINDOWS\SYSTEM32\dhcpcsvc6.DLL
0x00007ffa75140000 - 0x00007ffa7515c000 	C:\WINDOWS\SYSTEM32\dhcpcsvc.DLL

dbghelp: loaded successfully - version: 4.0.5 - missing functions: none
symbol engine: initialized successfully - sym options: 0x614 - pdb path: .;C:\Program Files\Java\jdk-11.0.4\bin;C:\WINDOWS\SYSTEM32;C:\Program Files\AVAST Software\Avast;C:\WINDOWS\WinSxS\amd64_microsoft.windows.common-controls_6595b64144ccf1df_6.0.18362.30_none_a1435978519dce7f;C:\Program Files\Java\jdk-11.0.4\bin\server

VM Arguments:
jvm_args: -Dcom.sun.management.jmxremote -Dcom.sun.management.jmxremote.port=55394 -Dcom.sun.management.jmxremote.authenticate=false -Dcom.sun.management.jmxremote.ssl=false -Djava.rmi.server.hostname=localhost -Dspring.jmx.enabled=true -Dspring.liveBeansView.mbeanDomain -Dspring.application.admin.enabled=true -Xverify:none -XX:TieredStopAtLevel=1 -Dspring.boot.project.name=os-api -Dfile.encoding=UTF-8 
java_command: com.os.api.OsApiApplication --spring.output.ansi.enabled=always
java_class_path (initial): C:\Users\Felip\Documents\workspace-sts-3.9.11.RELEASE\felipe-projetos\os-api\target\classes;C:\Users\Felip\.m2\repository\org\springframework\boot\spring-boot-starter-data-jpa\2.2.6.RELEASE\spring-boot-starter-data-jpa-2.2.6.RELEASE.jar;C:\Users\Felip\.m2\repository\org\springframework\boot\spring-boot-starter-aop\2.2.6.RELEASE\spring-boot-starter-aop-2.2.6.RELEASE.jar;C:\Users\Felip\.m2\repository\org\springframework\spring-aop\5.2.5.RELEASE\spring-aop-5.2.5.RELEASE.jar;C:\Users\Felip\.m2\repository\org\aspectj\aspectjweaver\1.9.5\aspectjweaver-1.9.5.jar;C:\Users\Felip\.m2\repository\org\springframework\boot\spring-boot-starter-jdbc\2.2.6.RELEASE\spring-boot-starter-jdbc-2.2.6.RELEASE.jar;C:\Users\Felip\.m2\repository\com\zaxxer\HikariCP\3.4.2\HikariCP-3.4.2.jar;C:\Users\Felip\.m2\repository\org\springframework\spring-jdbc\5.2.5.RELEASE\spring-jdbc-5.2.5.RELEASE.jar;C:\Users\Felip\.m2\repository\jakarta\activation\jakarta.activation-api\1.2.2\jakarta.activation-api-1.2.2.jar;C:\Users\Felip\.m2\repository\jakarta\persistence\jakarta.persistence-api\2.2.3\jakarta.persistence-api-2.2.3.jar;C:\Users\Felip\.m2\repository\jakarta\transaction\jakarta.transaction-api\1.3.3\jakarta.transaction-api-1.3.3.jar;C:\Users\Felip\.m2\repository\org\hibernate\hibernate-core\5.4.12.Final\hibernate-core-5.4.12.Final.jar;C:\Users\Felip\.m2\repository\org\jboss\logging\jboss-logging\3.4.1.Final\jboss-logging-3.4.1.Final.jar;C:\Users\Felip\.m2\repository\org\javassist\javassist\3.24.0-GA\javassist-3.24.0-GA.jar;C:\Users\Felip\.m2\repository\net\bytebuddy\byte-buddy\1.10.8\byte-buddy-1.10.8.jar;C:\Users\Felip\.m2\repository\antlr\antlr\2.7.7\antlr-2.7.7.jar;C:\Users\Felip\.m2\repository\org\jboss\jandex\2.1.1.Final\jandex-2.1.1.Final.jar;C:\Users\Felip\.m2\repository\com\fasterxml\classmate\1.5.1\classmate-1.5.1.jar;C:\Users\Felip\.m2\repository\org\dom4j\dom4j\2.1.1\dom4j-2.1.1.jar;C:\Users\Felip\.m2\repository\org\hibernate\common\hibernate-commons-annotatio
Launcher Type: SUN_STANDARD

[Global flags]
     bool BytecodeVerificationLocal                = false                                     {product} {command line}
     bool BytecodeVerificationRemote               = false                                     {product} {command line}
     intx CICompilerCount                          = 2                                         {product} {ergonomic}
     uint ConcGCThreads                            = 1                                         {product} {ergonomic}
     uint G1ConcRefinementThreads                  = 2                                         {product} {ergonomic}
   size_t G1HeapRegionSize                         = 1048576                                   {product} {ergonomic}
    uintx GCDrainStackTargetSize                   = 64                                        {product} {ergonomic}
   size_t InitialHeapSize                          = 125829120                                 {product} {ergonomic}
     bool ManagementServer                         = true                                      {product} {command line}
   size_t MarkStackSize                            = 4194304                                   {product} {ergonomic}
   size_t MaxHeapSize                              = 2013265920                                {product} {ergonomic}
   size_t MaxNewSize                               = 1207959552                                {product} {ergonomic}
   size_t MinHeapDeltaBytes                        = 1048576                                   {product} {ergonomic}
    uintx NonNMethodCodeHeapSize                   = 6396312                                {pd product} {ergonomic}
    uintx NonProfiledCodeHeapSize                  = 245261928                              {pd product} {ergonomic}
    uintx ProfiledCodeHeapSize                     = 0                                      {pd product} {ergonomic}
    uintx ReservedCodeCacheSize                    = 251658240                              {pd product} {ergonomic}
     bool SegmentedCodeCache                       = true                                      {product} {ergonomic}
     intx TieredStopAtLevel                        = 1                                         {product} {command line}
     bool UseCompressedClassPointers               = true                                 {lp64_product} {ergonomic}
     bool UseCompressedOops                        = true                                 {lp64_product} {ergonomic}
     bool UseG1GC                                  = true                                      {product} {ergonomic}
     bool UseLargePagesIndividualAllocation        = false                                  {pd product} {ergonomic}

Logging:
Log output configuration:
 #0: stdout all=warning uptime,level,tags
 #1: stderr all=off uptime,level,tags

Environment Variables:
JAVA_HOME=C:\Program Files\Java\jdk-11.0.4
PATH=C:\WINDOWS\system32;C:\WINDOWS;C:\WINDOWS\System32\Wbem;C:\WINDOWS\System32\WindowsPowerShell\v1.0\;C:\Program Files\Git\cmd;C:\Program Files\nodejs;C:\Program Files\Java\jdk-11.0.4\bin;C:\WINDOWS\System32\OpenSSH\;C:\Program Files\MySQL\MySQL Shell 8.0\bin\;C:\Users\Felip\AppData\Local\Programs\Microsoft VS Code\bin;C:\Users\Felip\AppData\Roaming\npm;C:\Users\Felip\AppData\Local\Microsoft\WindowsApps
USERNAME=Felip
OS=Windows_NT
PROCESSOR_IDENTIFIER=AMD64 Family 16 Model 6 Stepping 3, AuthenticAMD



---------------  S Y S T E M  ---------------

OS: Windows 10 , 64 bit Build 18362 (10.0.18362.1)

CPU:total 2 (initial active 2) (2 cores per cpu, 1 threads per core) family 16 model 6 stepping 3, cmov, cx8, fxsr, mmx, sse, sse2, sse3, popcnt, mmxext, 3dnowpref, lzcnt, sse4a, tsc, tscinvbit, tscinv

Memory: 4k page, system-wide physical 7677M (1869M free)
TotalPageFile size 9134M (AvailPageFile size 1870M)
current process WorkingSet (physical memory assigned to process): 238M, peak: 282M
current process commit charge ("private bytes"): 337M, peak: 337M

vm_info: Java HotSpot(TM) 64-Bit Server VM (11.0.4+10-LTS) for windows-amd64 JRE (11.0.4+10-LTS), built on Jul  4 2019 16:28:13 by "mach5one" with MS VC++ 15.5 (VS2017)

END.
